<?xml version="1.0" encoding="UTF-8"?>
<!-- Generated by org.testng.reporters.JUnitReportReporter -->
<testsuite hostname="DESKTOP-EBFKO62" failures="0" tests="2" name="TestClasses.addTCSstockInWatchlist" time="25.909" errors="0" timestamp="2022-04-04T12:45:39 IST" skipped="0">
  <testcase classname="TestClasses.addTCSstockInWatchlist" name="userCanLogIn" time="4.842"/>
  <system-out>
    <![CDATA[Login Id Entered
Password Entered
Pin Entered
Log In Successfull]]>
  </system-out>
  <testcase classname="TestClasses.addTCSstockInWatchlist" name="userCanLogIn" time="21.067"/>
  <system-out>
    <![CDATA[Login Id Entered
Password Entered
Pin Entered
Log In Successfull]]>
  </system-out>
</testsuite> <!-- TestClasses.addTCSstockInWatchlist -->
